[2022-08-17T11:17:58.098] [WARN] warning - RUTA: /informacion - METODO: GET - RESULTADO: No implementado
[2022-08-17T11:17:59.496] [WARN] warning - RUTA: /favicon.ico - METODO: GET - RESULTADO: No implementado
[2022-08-17T11:18:05.035] [WARN] warning - RUTA: /implementacion - METODO: GET - RESULTADO: No implementado
[2022-08-17T11:18:05.618] [WARN] warning - RUTA: /favicon.ico - METODO: GET - RESULTADO: No implementado
[2022-08-17T14:05:54.185] [WARN] warning - RUTA: /randoms - METODO: GET - RESULTADO: No implementado
[2022-08-17T14:05:56.183] [WARN] warning - RUTA: /favicon.ico - METODO: GET - RESULTADO: No implementado
[2022-08-18T16:42:38.122] [WARN] warning - RUTA: /randoms - METODO: GET - RESULTADO: No implementado
[2022-08-18T16:42:40.055] [WARN] warning - RUTA: /favicon.ico - METODO: GET - RESULTADO: No implementado
[2022-08-18T16:45:42.618] [WARN] warning - RUTA: /favicon.ico - METODO: GET - RESULTADO: No implementado
[2022-08-18T16:48:28.219] [WARN] warning - RUTA: /favicon.ico - METODO: GET - RESULTADO: No implementado
[2022-08-18T16:50:13.278] [WARN] warning - RUTA: /favicon.ico - METODO: GET - RESULTADO: No implementado
[2022-08-18T16:50:31.158] [WARN] warning - RUTA: /favicon.ico - METODO: GET - RESULTADO: No implementado
[2022-08-18T16:51:21.074] [WARN] warning - RUTA: /favicon.ico - METODO: GET - RESULTADO: No implementado
[2022-08-18T16:52:03.157] [WARN] warning - RUTA: /favicon.ico - METODO: GET - RESULTADO: No implementado
[2022-08-18T16:54:05.460] [WARN] warning - RUTA: /favicon.ico - METODO: GET - RESULTADO: No implementado
[2022-08-18T16:54:15.777] [WARN] warning - RUTA: /favicon.ico - METODO: GET - RESULTADO: No implementado
[2022-08-18T16:55:18.747] [WARN] warning - RUTA: /favicon.ico - METODO: GET - RESULTADO: No implementado
[2022-08-18T22:31:56.185] [WARN] warning - RUTA: /favicon.ico - METODO: GET - RESULTADO: No implementado
[2022-08-19T15:55:43.761] [WARN] warning - RUTA: / - METODO: GET - RESULTADO: No implementado
[2022-08-19T16:48:27.513] [WARN] warning - RUTA: / - METODO: GET - RESULTADO: No implementado
[2022-08-23T12:24:38.833] [WARN] warning - RUTA: /favicon.ico - METODO: GET - RESULTADO: No implementado
[2022-08-23T12:25:19.187] [WARN] warning - RUTA: /informacion - METODO: GET - RESULTADO: No implementado
[2022-08-23T12:25:19.938] [WARN] warning - RUTA: /favicon.ico - METODO: GET - RESULTADO: No implementado
[2022-08-30T21:25:41.228] [WARN] warning - RUTA: /logout - METODO: GET - RESULTADO: No implementado
[2022-08-30T21:41:00.302] [WARN] warning - RUTA: /loign - METODO: GET - RESULTADO: No implementado
[2022-08-30T21:44:48.957] [WARN] warning - RUTA: /js/index.js - METODO: GET - RESULTADO: No implementado
[2022-08-30T21:45:09.774] [WARN] warning - RUTA: /js/index.js - METODO: GET - RESULTADO: No implementado
[2022-08-30T21:45:30.229] [WARN] warning - RUTA: /js/index.js - METODO: GET - RESULTADO: No implementado
[2022-08-30T21:46:02.690] [WARN] warning - RUTA: /js/index.js - METODO: GET - RESULTADO: No implementado
[2022-09-01T18:23:53.945] [WARN] warning - RUTA: /favicon.ico - METODO: GET - RESULTADO: No implementado
[2022-09-01T18:33:06.910] [WARN] warning - RUTA: /favicon.ico - METODO: GET - RESULTADO: No implementado
[2022-09-01T18:33:53.192] [WARN] warning - RUTA: /favicon.ico - METODO: GET - RESULTADO: No implementado
[2022-09-01T18:34:09.707] [WARN] warning - RUTA: /favicon.ico - METODO: GET - RESULTADO: No implementado
[2022-09-01T18:34:47.160] [WARN] warning - RUTA: /favicon.ico - METODO: GET - RESULTADO: No implementado
[2022-09-01T18:35:34.777] [WARN] warning - RUTA: /favicon.ico - METODO: GET - RESULTADO: No implementado
[2022-09-01T18:36:03.959] [WARN] warning - RUTA: /favicon.ico - METODO: GET - RESULTADO: No implementado
[2022-09-01T18:36:05.394] [WARN] warning - RUTA: /favicon.ico - METODO: GET - RESULTADO: No implementado
[2022-09-01T18:36:18.399] [WARN] warning - RUTA: /favicon.ico - METODO: GET - RESULTADO: No implementado
[2022-09-01T18:36:20.857] [WARN] warning - RUTA: /favicon.ico - METODO: GET - RESULTADO: No implementado
[2022-09-01T18:36:31.838] [WARN] warning - RUTA: /favicon.ico - METODO: GET - RESULTADO: No implementado
[2022-09-01T18:36:35.314] [WARN] warning - RUTA: /favicon.ico - METODO: GET - RESULTADO: No implementado
[2022-09-01T18:36:58.605] [WARN] warning - RUTA: /favicon.ico - METODO: GET - RESULTADO: No implementado
[2022-09-01T18:37:07.798] [WARN] warning - RUTA: /favicon.ico - METODO: GET - RESULTADO: No implementado
[2022-09-01T18:37:38.479] [WARN] warning - RUTA: /favicon.ico - METODO: GET - RESULTADO: No implementado
[2022-09-01T18:37:47.646] [WARN] warning - RUTA: /favicon.ico - METODO: GET - RESULTADO: No implementado
[2022-09-01T18:40:26.726] [WARN] warning - RUTA: /favicon.ico - METODO: GET - RESULTADO: No implementado
[2022-09-01T18:42:17.495] [WARN] warning - RUTA: /favicon.ico - METODO: GET - RESULTADO: No implementado
[2022-09-01T18:42:23.235] [WARN] warning - RUTA: /favicon.ico - METODO: GET - RESULTADO: No implementado
[2022-09-01T18:42:34.625] [WARN] warning - RUTA: /favicon.ico - METODO: GET - RESULTADO: No implementado
[2022-09-01T18:43:00.027] [WARN] warning - RUTA: /favicon.ico - METODO: GET - RESULTADO: No implementado
[2022-09-01T18:44:14.608] [WARN] warning - RUTA: /favicon.ico - METODO: GET - RESULTADO: No implementado
[2022-09-01T18:44:26.652] [WARN] warning - RUTA: /favicon.ico - METODO: GET - RESULTADO: No implementado
[2022-09-01T18:44:41.091] [WARN] warning - RUTA: /favicon.ico - METODO: GET - RESULTADO: No implementado
[2022-09-01T18:44:54.097] [WARN] warning - RUTA: /favicon.ico - METODO: GET - RESULTADO: No implementado
[2022-09-01T18:45:39.568] [WARN] warning - RUTA: /favicon.ico - METODO: GET - RESULTADO: No implementado
[2022-09-01T18:45:54.938] [WARN] warning - RUTA: /favicon.ico - METODO: GET - RESULTADO: No implementado
[2022-09-01T18:46:13.923] [WARN] warning - RUTA: /favicon.ico - METODO: GET - RESULTADO: No implementado
[2022-09-01T18:46:50.835] [WARN] warning - RUTA: /favicon.ico - METODO: GET - RESULTADO: No implementado
[2022-09-01T18:47:05.994] [WARN] warning - RUTA: /favicon.ico - METODO: GET - RESULTADO: No implementado
[2022-09-01T18:47:58.835] [WARN] warning - RUTA: /favicon.ico - METODO: GET - RESULTADO: No implementado
[2022-09-01T18:48:14.611] [WARN] warning - RUTA: /favicon.ico - METODO: GET - RESULTADO: No implementado
[2022-09-01T18:48:16.341] [WARN] warning - RUTA: /favicon.ico - METODO: GET - RESULTADO: No implementado
[2022-09-01T18:48:20.210] [WARN] warning - RUTA: /favicon.ico - METODO: GET - RESULTADO: No implementado
[2022-09-01T18:48:25.362] [WARN] warning - RUTA: /favicon.ico - METODO: GET - RESULTADO: No implementado
[2022-09-01T18:50:10.702] [WARN] warning - RUTA: /favicon.ico - METODO: GET - RESULTADO: No implementado
[2022-09-01T18:56:30.034] [WARN] warning - RUTA: /favicon.ico - METODO: GET - RESULTADO: No implementado
[2022-09-01T20:21:19.072] [WARN] warning - RUTA: /favicon.ico - METODO: GET - RESULTADO: No implementado
[2022-09-01T20:24:11.387] [WARN] warning - RUTA: /favicon.ico - METODO: GET - RESULTADO: No implementado
[2022-09-01T20:24:28.024] [WARN] warning - RUTA: /favicon.ico - METODO: GET - RESULTADO: No implementado
[2022-09-01T20:26:56.660] [WARN] warning - RUTA: /favicon.ico - METODO: GET - RESULTADO: No implementado
[2022-09-01T20:27:16.172] [WARN] warning - RUTA: /favicon.ico - METODO: GET - RESULTADO: No implementado
[2022-09-03T15:58:30.464] [WARN] warning - RUTA: /favicon.ico - METODO: GET - RESULTADO: No implementado
[2022-09-03T15:58:35.449] [WARN] warning - RUTA: /favicon.ico - METODO: GET - RESULTADO: No implementado
[2022-09-03T15:58:38.008] [WARN] warning - RUTA: /favicon.ico - METODO: GET - RESULTADO: No implementado
[2022-09-03T15:58:38.205] [WARN] warning - RUTA: /favicon.ico - METODO: GET - RESULTADO: No implementado
[2022-09-03T16:05:15.479] [WARN] warning - RUTA: /favicon.ico - METODO: GET - RESULTADO: No implementado
[2022-09-03T16:05:35.643] [WARN] warning - RUTA: /favicon.ico - METODO: GET - RESULTADO: No implementado
[2022-09-03T16:06:05.532] [WARN] warning - RUTA: /favicon.ico - METODO: GET - RESULTADO: No implementado
[2022-09-03T16:06:06.623] [WARN] warning - RUTA: /favicon.ico - METODO: GET - RESULTADO: No implementado
[2022-09-03T16:06:08.620] [WARN] warning - RUTA: /favicon.ico - METODO: GET - RESULTADO: No implementado
[2022-09-03T16:06:19.896] [WARN] warning - RUTA: /favicon.ico - METODO: GET - RESULTADO: No implementado
[2022-09-03T16:13:04.378] [WARN] warning - RUTA: /favicon.ico - METODO: GET - RESULTADO: No implementado
[2022-09-03T16:13:12.936] [WARN] warning - RUTA: /favicon.ico - METODO: GET - RESULTADO: No implementado
[2022-09-03T16:13:36.515] [WARN] warning - RUTA: /favicon.ico - METODO: GET - RESULTADO: No implementado
[2022-09-03T16:13:53.287] [WARN] warning - RUTA: /favicon.ico - METODO: GET - RESULTADO: No implementado
[2022-09-03T16:41:43.400] [WARN] warning - RUTA: /favicon.ico - METODO: GET - RESULTADO: No implementado
[2022-09-03T16:42:30.417] [WARN] warning - El usuario ya fue registrado.
[2022-09-03T16:42:30.763] [WARN] warning - RUTA: /favicon.ico - METODO: GET - RESULTADO: No implementado
[2022-09-03T16:43:01.748] [WARN] warning - RUTA: /favicon.ico - METODO: GET - RESULTADO: No implementado
[2022-09-03T16:43:31.637] [WARN] warning - El usuario ya fue registrado.
[2022-09-03T16:43:32.013] [WARN] warning - RUTA: /favicon.ico - METODO: GET - RESULTADO: No implementado
[2022-09-03T16:47:42.928] [WARN] warning - RUTA: /favicon.ico - METODO: GET - RESULTADO: No implementado
[2022-09-03T16:48:08.323] [WARN] warning - El usuario ya fue registrado.
[2022-09-03T16:48:08.706] [WARN] warning - RUTA: /favicon.ico - METODO: GET - RESULTADO: No implementado
[2022-09-03T16:50:35.853] [WARN] warning - RUTA: /favicon.ico - METODO: GET - RESULTADO: No implementado
[2022-09-03T16:53:20.048] [WARN] warning - RUTA: /favicon.ico - METODO: GET - RESULTADO: No implementado
[2022-09-03T16:53:22.505] [WARN] warning - RUTA: /favicon.ico - METODO: GET - RESULTADO: No implementado
[2022-09-03T17:03:06.942] [WARN] warning - RUTA: /favicon.ico - METODO: GET - RESULTADO: No implementado
[2022-09-03T17:54:51.969] [WARN] warning - RUTA: /favicon.ico - METODO: GET - RESULTADO: No implementado
[2022-09-03T17:56:28.588] [WARN] warning - RUTA: /favicon.ico - METODO: GET - RESULTADO: No implementado
[2022-09-03T17:57:12.158] [WARN] warning - RUTA: /favicon.ico - METODO: GET - RESULTADO: No implementado
[2022-09-03T17:59:53.918] [WARN] warning - RUTA: /favicon.ico - METODO: GET - RESULTADO: No implementado
[2022-09-03T18:15:59.265] [WARN] warning - RUTA: /userLogged - METODO: GET - RESULTADO: No implementado
[2022-09-03T18:16:20.474] [WARN] warning - RUTA: //userLoged - METODO: GET - RESULTADO: No implementado
[2022-09-03T18:16:55.969] [WARN] warning - RUTA: /favicon.ico - METODO: GET - RESULTADO: No implementado
[2022-09-03T18:16:58.257] [WARN] warning - RUTA: /favicon.ico - METODO: GET - RESULTADO: No implementado
[2022-09-03T18:17:03.274] [WARN] warning - RUTA: /favicon.ico - METODO: GET - RESULTADO: No implementado
[2022-09-03T18:17:05.789] [WARN] warning - RUTA: /favicon.ico - METODO: GET - RESULTADO: No implementado
[2022-09-03T18:17:16.224] [WARN] warning - RUTA: /favicon.ico - METODO: GET - RESULTADO: No implementado
[2022-09-03T18:17:19.290] [WARN] warning - RUTA: /favicon.ico - METODO: GET - RESULTADO: No implementado
[2022-09-03T18:17:26.881] [WARN] warning - RUTA: /favicon.ico - METODO: GET - RESULTADO: No implementado
[2022-09-03T18:17:30.072] [WARN] warning - RUTA: /favicon.ico - METODO: GET - RESULTADO: No implementado
[2022-09-03T18:26:43.464] [WARN] warning - RUTA: /favicon.ico - METODO: GET - RESULTADO: No implementado
[2022-09-03T18:26:46.059] [WARN] warning - RUTA: /favicon.ico - METODO: GET - RESULTADO: No implementado
[2022-09-03T18:26:47.882] [WARN] warning - RUTA: /favicon.ico - METODO: GET - RESULTADO: No implementado
[2022-09-03T18:26:50.031] [WARN] warning - RUTA: /favicon.ico - METODO: GET - RESULTADO: No implementado
[2022-09-03T18:27:57.148] [WARN] warning - RUTA: /favicon.ico - METODO: GET - RESULTADO: No implementado
[2022-09-03T18:28:07.035] [WARN] warning - RUTA: /logout - METODO: GET - RESULTADO: No implementado
[2022-09-03T18:28:08.858] [WARN] warning - RUTA: /js/index.js - METODO: GET - RESULTADO: No implementado
[2022-09-03T18:28:10.190] [WARN] warning - RUTA: /favicon.ico - METODO: GET - RESULTADO: No implementado
[2022-09-03T18:28:16.569] [WARN] warning - RUTA: /js/index.js - METODO: GET - RESULTADO: No implementado
[2022-09-03T18:28:17.594] [WARN] warning - RUTA: /favicon.ico - METODO: GET - RESULTADO: No implementado
[2022-09-03T18:29:00.084] [WARN] warning - RUTA: /favicon.ico - METODO: GET - RESULTADO: No implementado
[2022-09-03T18:29:02.361] [WARN] warning - RUTA: /favicon.ico - METODO: GET - RESULTADO: No implementado
[2022-09-03T18:40:29.001] [WARN] warning - RUTA: /favicon.ico - METODO: GET - RESULTADO: No implementado
[2022-09-03T18:40:33.331] [WARN] warning - RUTA: /favicon.ico - METODO: GET - RESULTADO: No implementado
[2022-09-03T18:49:23.255] [WARN] warning - RUTA: /favicon.ico - METODO: GET - RESULTADO: No implementado
[2022-09-03T18:49:25.463] [WARN] warning - RUTA: /favicon.ico - METODO: GET - RESULTADO: No implementado
[2022-09-03T18:49:33.987] [WARN] warning - RUTA: /favicon.ico - METODO: GET - RESULTADO: No implementado
[2022-09-03T18:50:11.236] [WARN] warning - RUTA: /favicon.ico - METODO: GET - RESULTADO: No implementado
[2022-09-03T18:50:15.118] [WARN] warning - RUTA: /favicon.ico - METODO: GET - RESULTADO: No implementado
[2022-09-03T18:50:41.481] [WARN] warning - RUTA: /favicon.ico - METODO: GET - RESULTADO: No implementado
[2022-09-03T18:50:43.940] [WARN] warning - RUTA: /favicon.ico - METODO: GET - RESULTADO: No implementado
[2022-09-03T18:50:44.711] [WARN] warning - RUTA: /favicon.ico - METODO: GET - RESULTADO: No implementado
[2022-09-03T18:50:50.832] [WARN] warning - RUTA: /favicon.ico - METODO: GET - RESULTADO: No implementado
[2022-09-03T18:51:20.183] [WARN] warning - RUTA: /favicon.ico - METODO: GET - RESULTADO: No implementado
[2022-09-03T18:51:26.260] [WARN] warning - RUTA: /logout - METODO: GET - RESULTADO: No implementado
[2022-09-03T18:51:28.023] [WARN] warning - RUTA: /js/index.js - METODO: GET - RESULTADO: No implementado
[2022-09-03T18:51:29.026] [WARN] warning - RUTA: /favicon.ico - METODO: GET - RESULTADO: No implementado
[2022-09-03T18:53:39.121] [WARN] warning - RUTA: /js/index.js - METODO: GET - RESULTADO: No implementado
[2022-09-03T18:53:40.314] [WARN] warning - RUTA: /favicon.ico - METODO: GET - RESULTADO: No implementado
[2022-09-03T18:54:03.761] [WARN] warning - RUTA: /js/index.js - METODO: GET - RESULTADO: No implementado
[2022-09-03T18:54:04.993] [WARN] warning - RUTA: /favicon.ico - METODO: GET - RESULTADO: No implementado
[2022-09-03T18:54:54.815] [WARN] warning - RUTA: /favicon.ico - METODO: GET - RESULTADO: No implementado
[2022-09-03T18:55:17.158] [WARN] warning - RUTA: /js/index.js - METODO: GET - RESULTADO: No implementado
[2022-09-03T18:55:18.226] [WARN] warning - RUTA: /favicon.ico - METODO: GET - RESULTADO: No implementado
[2022-09-03T18:55:34.184] [WARN] warning - RUTA: /favicon.ico - METODO: GET - RESULTADO: No implementado
[2022-09-03T18:55:50.054] [WARN] warning - RUTA: /js/index.js - METODO: GET - RESULTADO: No implementado
[2022-09-03T18:55:51.208] [WARN] warning - RUTA: /favicon.ico - METODO: GET - RESULTADO: No implementado
[2022-09-03T18:58:16.377] [WARN] warning - RUTA: /favicon.ico - METODO: GET - RESULTADO: No implementado
[2022-09-03T18:58:42.309] [WARN] warning - RUTA: /favicon.ico - METODO: GET - RESULTADO: No implementado
[2022-09-03T18:58:47.326] [WARN] warning - RUTA: /FormProductos/formProductos.html - METODO: GET - RESULTADO: No implementado
[2022-09-03T18:58:49.034] [WARN] warning - RUTA: /favicon.ico - METODO: GET - RESULTADO: No implementado
[2022-09-03T19:00:28.079] [WARN] warning - RUTA: /carrito/index.html - METODO: GET - RESULTADO: No implementado
[2022-09-03T19:00:29.922] [WARN] warning - RUTA: /favicon.ico - METODO: GET - RESULTADO: No implementado
[2022-09-03T19:00:32.279] [WARN] warning - RUTA: /favicon.ico - METODO: GET - RESULTADO: No implementado
[2022-09-03T19:00:34.733] [WARN] warning - RUTA: /borrarProducto/index.html - METODO: GET - RESULTADO: No implementado
[2022-09-03T19:00:36.662] [WARN] warning - RUTA: /favicon.ico - METODO: GET - RESULTADO: No implementado
[2022-09-03T19:02:09.071] [WARN] warning - RUTA: /favicon.ico - METODO: GET - RESULTADO: No implementado
[2022-09-03T19:02:13.951] [WARN] warning - RUTA: /favicon.ico - METODO: GET - RESULTADO: No implementado
[2022-09-03T19:02:15.283] [WARN] warning - RUTA: /favicon.ico - METODO: GET - RESULTADO: No implementado
[2022-09-03T19:02:30.284] [WARN] warning - RUTA: /favicon.ico - METODO: GET - RESULTADO: No implementado
[2022-09-03T19:02:48.362] [WARN] warning - RUTA: /favicon.ico - METODO: GET - RESULTADO: No implementado
[2022-09-03T19:02:57.578] [WARN] warning - RUTA: /favicon.ico - METODO: GET - RESULTADO: No implementado
[2022-09-03T19:03:03.183] [WARN] warning - RUTA: /favicon.ico - METODO: GET - RESULTADO: No implementado
[2022-09-03T19:03:07.035] [WARN] warning - RUTA: /favicon.ico - METODO: GET - RESULTADO: No implementado
[2022-09-03T19:03:08.945] [WARN] warning - RUTA: /favicon.ico - METODO: GET - RESULTADO: No implementado
[2022-09-03T19:03:46.021] [WARN] warning - RUTA: /favicon.ico - METODO: GET - RESULTADO: No implementado
[2022-09-03T19:04:04.113] [WARN] warning - RUTA: /favicon.ico - METODO: GET - RESULTADO: No implementado
[2022-09-03T19:04:26.670] [WARN] warning - RUTA: /favicon.ico - METODO: GET - RESULTADO: No implementado
[2022-09-03T19:06:39.831] [WARN] warning - RUTA: /favicon.ico - METODO: GET - RESULTADO: No implementado
[2022-09-03T19:08:20.567] [WARN] warning - RUTA: /favicon.ico - METODO: GET - RESULTADO: No implementado
[2022-09-03T19:08:42.095] [WARN] warning - RUTA: /favicon.ico - METODO: GET - RESULTADO: No implementado
[2022-09-03T19:08:44.825] [WARN] warning - RUTA: /favicon.ico - METODO: GET - RESULTADO: No implementado
[2022-09-03T19:09:23.209] [WARN] warning - RUTA: /favicon.ico - METODO: GET - RESULTADO: No implementado
[2022-09-03T19:09:24.490] [WARN] warning - RUTA: /favicon.ico - METODO: GET - RESULTADO: No implementado
[2022-09-03T19:09:26.730] [WARN] warning - RUTA: /favicon.ico - METODO: GET - RESULTADO: No implementado
[2022-09-03T19:09:28.320] [WARN] warning - RUTA: /favicon.ico - METODO: GET - RESULTADO: No implementado
[2022-09-03T19:09:29.801] [WARN] warning - RUTA: /favicon.ico - METODO: GET - RESULTADO: No implementado
[2022-09-03T19:09:30.918] [WARN] warning - RUTA: /favicon.ico - METODO: GET - RESULTADO: No implementado
[2022-09-03T19:09:31.964] [WARN] warning - RUTA: /favicon.ico - METODO: GET - RESULTADO: No implementado
[2022-09-03T19:09:33.563] [WARN] warning - RUTA: /favicon.ico - METODO: GET - RESULTADO: No implementado
[2022-09-03T19:09:34.508] [WARN] warning - RUTA: /favicon.ico - METODO: GET - RESULTADO: No implementado
[2022-09-03T19:09:35.526] [WARN] warning - RUTA: /favicon.ico - METODO: GET - RESULTADO: No implementado
[2022-09-03T19:10:06.866] [WARN] warning - RUTA: /favicon.ico - METODO: GET - RESULTADO: No implementado
[2022-09-03T19:14:01.959] [WARN] warning - RUTA: /favicon.ico - METODO: GET - RESULTADO: No implementado
[2022-09-03T19:14:22.554] [WARN] warning - RUTA: /favicon.ico - METODO: GET - RESULTADO: No implementado
[2022-09-03T19:21:26.248] [WARN] warning - RUTA: /favicon.ico - METODO: GET - RESULTADO: No implementado
[2022-09-03T19:22:19.053] [WARN] warning - RUTA: /favicon.ico - METODO: GET - RESULTADO: No implementado
[2022-09-03T19:22:56.836] [WARN] warning - RUTA: /favicon.ico - METODO: GET - RESULTADO: No implementado
[2022-09-03T19:24:31.302] [WARN] warning - RUTA: /favicon.ico - METODO: GET - RESULTADO: No implementado
[2022-09-03T19:25:23.971] [WARN] warning - RUTA: /favicon.ico - METODO: GET - RESULTADO: No implementado
[2022-09-03T19:26:15.480] [WARN] warning - RUTA: /favicon.ico - METODO: GET - RESULTADO: No implementado
[2022-09-03T19:26:16.799] [WARN] warning - RUTA: /favicon.ico - METODO: GET - RESULTADO: No implementado
[2022-09-03T19:26:45.498] [WARN] warning - RUTA: /favicon.ico - METODO: GET - RESULTADO: No implementado
[2022-09-03T19:27:07.074] [WARN] warning - RUTA: /favicon.ico - METODO: GET - RESULTADO: No implementado
[2022-09-03T19:28:38.143] [WARN] warning - RUTA: /favicon.ico - METODO: GET - RESULTADO: No implementado
[2022-09-03T19:29:36.087] [WARN] warning - RUTA: /favicon.ico - METODO: GET - RESULTADO: No implementado
[2022-09-03T19:30:03.953] [WARN] warning - RUTA: /favicon.ico - METODO: GET - RESULTADO: No implementado
[2022-09-03T19:31:52.249] [WARN] warning - RUTA: /favicon.ico - METODO: GET - RESULTADO: No implementado
[2022-09-03T19:32:12.909] [WARN] warning - RUTA: /favicon.ico - METODO: GET - RESULTADO: No implementado
[2022-09-03T19:32:17.333] [WARN] warning - RUTA: /favicon.ico - METODO: GET - RESULTADO: No implementado
[2022-09-03T19:53:01.507] [WARN] warning - RUTA: /favicon.ico - METODO: GET - RESULTADO: No implementado
[2022-09-03T19:53:13.544] [WARN] warning - RUTA: /favicon.ico - METODO: GET - RESULTADO: No implementado
[2022-09-03T19:54:04.768] [WARN] warning - RUTA: /favicon.ico - METODO: GET - RESULTADO: No implementado
[2022-09-03T19:54:22.871] [WARN] warning - RUTA: /favicon.ico - METODO: GET - RESULTADO: No implementado
[2022-09-03T19:54:24.501] [WARN] warning - RUTA: /favicon.ico - METODO: GET - RESULTADO: No implementado
[2022-09-03T19:54:49.714] [WARN] warning - RUTA: /favicon.ico - METODO: GET - RESULTADO: No implementado
[2022-09-03T19:54:57.210] [WARN] warning - RUTA: /favicon.ico - METODO: GET - RESULTADO: No implementado
[2022-09-03T19:55:49.497] [WARN] warning - RUTA: /favicon.ico - METODO: GET - RESULTADO: No implementado
[2022-09-03T19:56:23.697] [WARN] warning - RUTA: /favicon.ico - METODO: GET - RESULTADO: No implementado
[2022-09-03T20:34:19.223] [WARN] warning - RUTA: /favicon.ico - METODO: GET - RESULTADO: No implementado
[2022-09-03T20:34:38.298] [WARN] warning - RUTA: /favicon.ico - METODO: GET - RESULTADO: No implementado
[2022-09-03T20:34:41.976] [WARN] warning - RUTA: /favicon.ico - METODO: GET - RESULTADO: No implementado
[2022-09-03T20:34:51.794] [WARN] warning - RUTA: /favicon.ico - METODO: GET - RESULTADO: No implementado
[2022-09-03T20:34:54.688] [WARN] warning - RUTA: /userLogged - METODO: GET - RESULTADO: No implementado
[2022-09-03T20:34:55.950] [WARN] warning - RUTA: /favicon.ico - METODO: GET - RESULTADO: No implementado
[2022-09-03T20:36:27.148] [WARN] warning - RUTA: /favicon.ico - METODO: GET - RESULTADO: No implementado
[2022-09-03T20:42:06.185] [WARN] warning - RUTA: /favicon.ico - METODO: GET - RESULTADO: No implementado
[2022-09-03T20:43:44.069] [WARN] warning - RUTA: /favicon.ico - METODO: GET - RESULTADO: No implementado
[2022-09-03T20:44:32.216] [WARN] warning - RUTA: /favicon.ico - METODO: GET - RESULTADO: No implementado
[2022-09-03T20:44:56.043] [WARN] warning - RUTA: /favicon.ico - METODO: GET - RESULTADO: No implementado
[2022-09-03T20:45:11.174] [WARN] warning - RUTA: /favicon.ico - METODO: GET - RESULTADO: No implementado
[2022-09-03T20:45:17.427] [WARN] warning - RUTA: /favicon.ico - METODO: GET - RESULTADO: No implementado
[2022-09-03T20:45:18.935] [WARN] warning - RUTA: /favicon.ico - METODO: GET - RESULTADO: No implementado
[2022-09-03T20:45:36.380] [WARN] warning - RUTA: /favicon.ico - METODO: GET - RESULTADO: No implementado
[2022-09-03T20:45:39.614] [WARN] warning - RUTA: /favicon.ico - METODO: GET - RESULTADO: No implementado
[2022-09-03T20:47:02.274] [WARN] warning - RUTA: /favicon.ico - METODO: GET - RESULTADO: No implementado
[2022-09-03T20:47:10.185] [WARN] warning - RUTA: /favicon.ico - METODO: GET - RESULTADO: No implementado
[2022-09-03T20:47:46.066] [WARN] warning - RUTA: /favicon.ico - METODO: GET - RESULTADO: No implementado
[2022-09-03T20:48:26.438] [WARN] warning - RUTA: /favicon.ico - METODO: GET - RESULTADO: No implementado
[2022-09-03T20:53:00.284] [WARN] warning - RUTA: /favicon.ico - METODO: GET - RESULTADO: No implementado
[2022-09-03T20:53:33.329] [WARN] warning - RUTA: /favicon.ico - METODO: GET - RESULTADO: No implementado
[2022-09-03T20:54:03.654] [WARN] warning - RUTA: /favicon.ico - METODO: GET - RESULTADO: No implementado
[2022-09-03T20:54:23.505] [WARN] warning - RUTA: /favicon.ico - METODO: GET - RESULTADO: No implementado
[2022-09-03T21:02:04.429] [WARN] warning - RUTA: /favicon.ico - METODO: GET - RESULTADO: No implementado
[2022-09-03T21:02:07.704] [WARN] warning - RUTA: /favicon.ico - METODO: GET - RESULTADO: No implementado
[2022-09-03T21:02:08.950] [WARN] warning - RUTA: /favicon.ico - METODO: GET - RESULTADO: No implementado
[2022-09-03T21:02:19.837] [WARN] warning - RUTA: /favicon.ico - METODO: GET - RESULTADO: No implementado
[2022-09-03T21:02:22.305] [WARN] warning - RUTA: /favicon.ico - METODO: GET - RESULTADO: No implementado
[2022-09-03T21:02:36.467] [WARN] warning - RUTA: /favicon.ico - METODO: GET - RESULTADO: No implementado
[2022-09-03T21:02:36.991] [WARN] warning - RUTA: /favicon.ico - METODO: GET - RESULTADO: No implementado
[2022-09-03T21:02:57.851] [WARN] warning - RUTA: /pedido - METODO: POST - RESULTADO: No implementado
[2022-09-03T21:03:36.525] [WARN] warning - RUTA: /favicon.ico - METODO: GET - RESULTADO: No implementado
[2022-09-03T21:03:38.193] [WARN] warning - RUTA: /pedido - METODO: POST - RESULTADO: No implementado
[2022-09-03T21:04:09.658] [WARN] warning - RUTA: /favicon.ico - METODO: GET - RESULTADO: No implementado
[2022-09-09T20:02:40.644] [WARN] warning - RUTA: /favicon.ico - METODO: GET - RESULTADO: No implementado
[2022-09-09T20:02:43.871] [WARN] warning - RUTA: /favicon.ico - METODO: GET - RESULTADO: No implementado
[2022-09-09T20:02:46.226] [WARN] warning - RUTA: /favicon.ico - METODO: GET - RESULTADO: No implementado
[2022-09-09T20:05:08.996] [WARN] warning - RUTA: /favicon.ico - METODO: GET - RESULTADO: No implementado
[2022-09-09T20:06:36.226] [WARN] warning - RUTA: /favicon.ico - METODO: GET - RESULTADO: No implementado
[2022-09-09T20:08:44.852] [WARN] warning - RUTA: /favicon.ico - METODO: GET - RESULTADO: No implementado
[2022-09-09T20:08:49.637] [WARN] warning - RUTA: /favicon.ico - METODO: GET - RESULTADO: No implementado
[2022-09-10T11:08:47.333] [WARN] warning - RUTA: /favicon.ico - METODO: GET - RESULTADO: No implementado
[2022-09-10T11:08:49.441] [WARN] warning - RUTA: /login - METODO: GET - RESULTADO: No implementado
[2022-09-10T11:08:50.063] [WARN] warning - RUTA: /favicon.ico - METODO: GET - RESULTADO: No implementado
[2022-09-10T11:11:16.391] [WARN] warning - RUTA: /favicon.ico - METODO: GET - RESULTADO: No implementado
[2022-09-10T11:11:18.129] [WARN] warning - RUTA: /login - METODO: GET - RESULTADO: No implementado
